<?xml version="1.0" encoding="UTF-8"?>
<testsuite xmlns:xsi="http://www.w3.org/2001/XMLSchema-instance" xsi:noNamespaceSchemaLocation="https://maven.apache.org/surefire/maven-surefire-plugin/xsd/surefire-test-report.xsd" version="3.0.2" name="com.etc.Shristi.ShristiApplicationTests" time="22.322" tests="1" errors="0" skipped="0" failures="0" flakes="0">
  <properties>
[...]
</properties>
  <testcase name="contextLoads" classname="com.etc.Shristi.ShristiApplicationTests" time="1.304">
    <system-out><![CDATA[15:12:56.427 [main] INFO org.springframework.test.context.support.AnnotationConfigContextLoaderUtils -- Could not detect default configuration classes for test class [com.etc.Shristi.ShristiApplicationTests]: ShristiApplicationTests does not declare any static, non-private, non-final, nested classes annotated with @Configuration.
15:12:57.098 [main] INFO org.springframework.boot.test.context.SpringBootTestContextBootstrapper -- Found @SpringBootConfiguration com.etc.Shristi.ShristiApplication for test class com.etc.Shristi.ShristiApplicationTests
15:12:57.552 [main] INFO org.springframework.test.context.support.AnnotationConfigContextLoaderUtils -- Could not detect default configuration classes for test class [com.etc.Shristi.ShristiApplicationTests]: ShristiApplicationTests does not declare any static, non-private, non-final, nested classes annotated with @Configuration.
15:12:57.552 [main] INFO org.springframework.boot.test.context.SpringBootTestContextBootstrapper -- Found @SpringBootConfiguration com.etc.Shristi.ShristiApplication for test class com.etc.Shristi.ShristiApplicationTests

  .   ____          _            __ _ _
 /\\ / ___'_ __ _ _(_)_ __  __ _ \ \ \ \
( ( )\___ | '_ | '_| | '_ \/ _` | \ \ \ \
 \\/  ___)| |_)| | | | | || (_| |  ) ) ) )
  '  |____| .__|_| |_|_| |_\__, | / / / /
 =========|_|==============|___/=/_/_/_/

 :: Spring Boot ::                (v4.0.6)

2026-05-05T15:12:59.461+05:30  INFO 3924 --- [Shristi] [           main] c.etc.Shristi.ShristiApplicationTests    : Starting ShristiApplicationTests using Java 21.0.6 with PID 3924 (started by Sumit in D:\ALL projects\Project-1\Shristi)
2026-05-05T15:12:59.463+05:30  INFO 3924 --- [Shristi] [           main] c.etc.Shristi.ShristiApplicationTests    : No active profile set, falling back to 1 default profile: "default"
2026-05-05T15:13:04.302+05:30  INFO 3924 --- [Shristi] [           main] .s.d.r.c.RepositoryConfigurationDelegate : Bootstrapping Spring Data JPA repositories in DEFAULT mode.
2026-05-05T15:13:04.566+05:30  INFO 3924 --- [Shristi] [           main] .s.d.r.c.RepositoryConfigurationDelegate : Finished Spring Data repository scanning in 194 ms. Found 1 JPA repository interface.
2026-05-05T15:13:06.098+05:30  INFO 3924 --- [Shristi] [           main] com.zaxxer.hikari.HikariDataSource       : HikariPool-1 - Starting...
2026-05-05T15:13:06.911+05:30  INFO 3924 --- [Shristi] [           main] com.zaxxer.hikari.pool.HikariPool        : HikariPool-1 - Added connection conn0: url=jdbc:h2:mem:10a2554d-f820-4b17-9e5d-78db23dbb230 user=SA
2026-05-05T15:13:06.911+05:30  INFO 3924 --- [Shristi] [           main] com.zaxxer.hikari.HikariDataSource       : HikariPool-1 - Start completed.
2026-05-05T15:13:07.221+05:30  INFO 3924 --- [Shristi] [           main] org.hibernate.orm.jpa                    : HHH008540: Processing PersistenceUnitInfo [name: default]
2026-05-05T15:13:07.738+05:30  INFO 3924 --- [Shristi] [           main] org.hibernate.orm.core                   : HHH000001: Hibernate ORM core version 7.2.12.Final
2026-05-05T15:13:09.785+05:30  INFO 3924 --- [Shristi] [           main] o.s.o.j.p.SpringPersistenceUnitInfo      : No LoadTimeWeaver setup: ignoring JPA class transformer
2026-05-05T15:13:10.285+05:30  INFO 3924 --- [Shristi] [           main] org.hibernate.orm.connections.pooling    : HHH10001005: Database info:
	Database JDBC URL [jdbc:h2:mem:10a2554d-f820-4b17-9e5d-78db23dbb230]
	Database driver: H2 JDBC Driver
	Database dialect: H2Dialect
	Database version: 2.4.240
	Default catalog/schema: 10A2554D-F820-4B17-9E5D-78DB23DBB230/PUBLIC
	Autocommit mode: undefined/unknown
	Isolation level: READ_COMMITTED [default READ_COMMITTED]
	JDBC fetch size: 100
	Pool: DataSourceConnectionProvider
	Minimum pool size: undefined/unknown
	Maximum pool size: undefined/unknown
2026-05-05T15:13:13.191+05:30  INFO 3924 --- [Shristi] [           main] org.hibernate.orm.core                   : HHH000489: No JTA platform available (set 'hibernate.transaction.jta.platform' to enable JTA platform integration)
2026-05-05T15:13:13.363+05:30  INFO 3924 --- [Shristi] [           main] j.LocalContainerEntityManagerFactoryBean : Initialized JPA EntityManagerFactory for persistence unit 'default'
2026-05-05T15:13:13.801+05:30  INFO 3924 --- [Shristi] [           main] o.s.d.j.r.query.QueryEnhancerFactories   : Hibernate is in classpath; If applicable, HQL parser will be used.
2026-05-05T15:13:14.472+05:30  WARN 3924 --- [Shristi] [           main] JpaBaseConfiguration$JpaWebConfiguration : spring.jpa.open-in-view is enabled by default. Therefore, database queries may be performed during view rendering. Explicitly configure spring.jpa.open-in-view to disable this warning
2026-05-05T15:13:16.036+05:30  INFO 3924 --- [Shristi] [           main] c.etc.Shristi.ShristiApplicationTests    : Started ShristiApplicationTests in 17.954 seconds (process running for 23.124)
]]></system-out>
    <system-err><![CDATA[Mockito is currently self-attaching to enable the inline-mock-maker. This will no longer work in future releases of the JDK. Please add Mockito as an agent to your build as described in Mockito's documentation: https://javadoc.io/doc/org.mockito/mockito-core/latest/org.mockito/org/mockito/Mockito.html#0.3
WARNING: A Java agent has been loaded dynamically (C:\Users\Sumit\.m2\repository\net\bytebuddy\byte-buddy-agent\1.17.8\byte-buddy-agent-1.17.8.jar)
WARNING: If a serviceability tool is in use, please run with -XX:+EnableDynamicAgentLoading to hide this warning
WARNING: If a serviceability tool is not in use, please run with -Djdk.instrument.traceUsage for more information
WARNING: Dynamic loading of agents will be disallowed by default in a future release
]]></system-err>
  </testcase>
</testsuite>